<?xml version="1.0" encoding="UTF-8"?>
<!-- Generated by org.testng.reporters.JUnitXMLReporter -->
<testsuite ignored="2" hostname="USQROYRUIZSANC1" failures="0" tests="1" name="Test" time="0.753" errors="0" timestamp="2024-09-19T22:20:42 CST">
  <testcase classname="com.qa.BestTest" name="@BeforeMethod beforeMethod" time="0.001">
    <failure type="java.lang.NullPointerException" message="Cannot invoke &amp;quot;io.appium.java_client.screenrecording.CanRecordScreen.startRecordingScreen()&amp;quot; because &amp;quot;com.qa.BestTest.driver&amp;quot; is null">
      <![CDATA[java.lang.NullPointerException: Cannot invoke "io.appium.java_client.screenrecording.CanRecordScreen.startRecordingScreen()" because "com.qa.BestTest.driver" is null
at com.qa.BestTest.beforeMethod(BestTest.java:47)
at java.base/java.util.ArrayList.forEach(ArrayList.java:1596)
... Removed 29 stack frames]]>
    </failure>
  </testcase> <!-- @BeforeMethod beforeMethod -->
  <testcase classname="com.qa.test.LoginTest" name="@BeforeMethod beforeMethod" time="-1.726806042754E9">
    <skipped/>
  </testcase> <!-- @BeforeMethod beforeMethod -->
  <testcase classname="com.qa.test.LoginTest" name="@AfterMethod afterMethod" time="-1.726806042761E9">
    <skipped/>
  </testcase> <!-- @AfterMethod afterMethod -->
  <testcase classname="com.qa.BestTest" name="@AfterMethod afterMethod" time="-1.726806042763E9">
    <skipped/>
  </testcase> <!-- @AfterMethod afterMethod -->
  <testcase classname="com.qa.test.LoginTest" name="@AfterClass afterClass" time="-1.726806042764E9">
    <skipped/>
  </testcase> <!-- @AfterClass afterClass -->
  <testcase classname="com.qa.BestTest" name="@AfterTest afterTest" time="-1.72680604277E9">
    <skipped/>
  </testcase> <!-- @AfterTest afterTest -->
  <testcase classname="com.qa.test.LoginTest" name="invalidUsername" time="0.0">
    <skipped/>
  </testcase> <!-- invalidUsername -->
  <testcase classname="com.qa.test.LoginTest" name="invalidPassword" time="0.0">
    <ignored/>
  </testcase> <!-- invalidPassword -->
  <testcase classname="com.qa.test.LoginTest" name="successfulLogin" time="0.0">
    <ignored/>
  </testcase> <!-- successfulLogin -->
</testsuite> <!-- Test -->
